<?xml version="1.0" encoding="UTF-8"?>
<testng-results skipped="0" failed="0" ignored="0" total="1" passed="1">
  <reporter-output>
  </reporter-output>
  <suite name="Default suite" duration-ms="3082" started-at="2018-08-07T14:21:42Z" finished-at="2018-08-07T14:21:45Z">
    <groups>
    </groups>
    <test name="Default test" duration-ms="3082" started-at="2018-08-07T14:21:42Z" finished-at="2018-08-07T14:21:45Z">
      <class name="com.jose.autotest.NewTest">
        <test-method status="PASS" signature="f()[pri:0, instance:com.jose.autotest.NewTest@6a41eaa2]" name="f" duration-ms="3063" started-at="2018-08-07T14:21:42Z" finished-at="2018-08-07T14:21:45Z">
          <reporter-output>
          </reporter-output>
        </test-method> <!-- f -->
        <test-method status="PASS" signature="afterMethod()[pri:0, instance:com.jose.autotest.NewTest@6a41eaa2]" name="afterMethod" is-config="true" duration-ms="1" started-at="2018-08-07T14:21:45Z" finished-at="2018-08-07T14:21:45Z">
          <reporter-output>
          </reporter-output>
        </test-method> <!-- afterMethod -->
      </class> <!-- com.jose.autotest.NewTest -->
    </test> <!-- Default test -->
  </suite> <!-- Default suite -->
</testng-results>
